<?xml version="1.0" encoding="UTF-8"?>
<!-- Generated by org.testng.reporters.JUnitReportReporter -->
<testsuite hostname="DESKTOP-C5UC5JG" failures="0" tests="2" name="test.testcase1" time="5.156" errors="0" timestamp="2024-11-11T21:26:39 IST" skipped="0">
  <testcase classname="test.testcase1" name="verify" time="0.013"/>
  <system-out/>
  <testcase classname="test.testcase1" name="sendUserName" time="5.143"/>
  <system-out/>
</testsuite> <!-- test.testcase1 -->
