<?xml version="1.0" encoding="UTF-8"?>
<!-- Generated by org.testng.reporters.JUnitReportReporter -->
<testsuite hostname="DESKTOP-C5UC5JG" failures="0" tests="1" name="TestCases.TC001_VerifyLogin" time="0.941" errors="0" timestamp="2024-11-11T17:48:52 IST" skipped="0">
  <testcase classname="TestCases.TC001_VerifyLogin" name="verify_Login" time="0.941"/>
  <system-out/>
</testsuite> <!-- TestCases.TC001_VerifyLogin -->
