<?xml version="1.0" encoding="UTF-8"?>
<!-- Generated by org.testng.reporters.JUnitReportReporter -->
<testsuite hostname="DESKTOP-C5UC5JG" failures="0" tests="1" name="StepDefinition.TC002_VerifyLogout" time="1.198" errors="0" timestamp="2024-11-09T20:50:10 IST" skipped="0">
  <testcase classname="StepDefinition.TC002_VerifyLogout" name="VerifyLogOut" time="1.198"/>
  <system-out/>
</testsuite> <!-- StepDefinition.TC002_VerifyLogout -->
