<?xml version="1.0" encoding="UTF-8"?>
<!-- Generated by org.testng.reporters.JUnitReportReporter -->
<testsuite hostname="DESKTOP-C5UC5JG" failures="0" tests="1" name="StepDefinition.TC001_VerifyLogin" time="1.025" errors="0" timestamp="2024-11-09T20:50:10 IST" skipped="0">
  <testcase classname="StepDefinition.TC001_VerifyLogin" name="VerifyLogin" time="1.025"/>
  <system-out/>
</testsuite> <!-- StepDefinition.TC001_VerifyLogin -->
