<?xml version="1.0" encoding="UTF-8"?>
<!-- Generated by org.testng.reporters.JUnitReportReporter -->
<testsuite hostname="DESKTOP-C5UC5JG" failures="0" tests="1" name="TestCases.TC002_VerifyLogout" time="2.126" errors="0" timestamp="2024-11-11T17:39:01 IST" skipped="0">
  <testcase classname="TestCases.TC002_VerifyLogout" name="verify_Logout" time="2.126"/>
  <system-out/>
</testsuite> <!-- TestCases.TC002_VerifyLogout -->
