<?xml version="1.0" encoding="UTF-8"?>
<!-- Generated by org.testng.reporters.JUnitReportReporter -->
<testsuite hostname="DESKTOP-C5UC5JG" failures="0" tests="1" name="TestCases.TC003_VerifyCreateLead" time="8.275" errors="0" timestamp="2024-11-11T17:48:52 IST" skipped="0">
  <testcase classname="TestCases.TC003_VerifyCreateLead" name="verifyCreatedLead" time="8.275"/>
  <system-out/>
</testsuite> <!-- TestCases.TC003_VerifyCreateLead -->
